{"/Users/zhangyue/Github/bs-develop-cli/src/upgrade-msg.js":{"path":"/Users/zhangyue/Github/bs-develop-cli/src/upgrade-msg.js","s":{"1":1,"2":1,"3":1,"4":1,"5":1,"6":1,"7":1,"8":1,"9":1,"10":1,"11":1,"12":0,"13":0,"14":1,"15":1,"16":1,"17":1},"b":{"1":[0,1],"2":[1,0]},"f":{},"fnMap":{},"statementMap":{"1":{"start":{"line":2,"column":0},"end":{"line":2,"column":28}},"2":{"start":{"line":3,"column":0},"end":{"line":3,"column":35}},"3":{"start":{"line":4,"column":0},"end":{"line":4,"column":34}},"4":{"start":{"line":5,"column":0},"end":{"line":5,"column":42}},"5":{"start":{"line":6,"column":0},"end":{"line":6,"column":17}},"6":{"start":{"line":7,"column":0},"end":{"line":7,"column":72}},"7":{"start":{"line":11,"column":0},"end":{"line":29,"column":1}},"8":{"start":{"line":12,"column":2},"end":{"line":28,"column":4}},"9":{"start":{"line":14,"column":4},"end":{"line":14,"column":43}},"10":{"start":{"line":16,"column":4},"end":{"line":27,"column":6}},"11":{"start":{"line":17,"column":6},"end":{"line":20,"column":7}},"12":{"start":{"line":18,"column":8},"end":{"line":18,"column":41}},"13":{"start":{"line":19,"column":8},"end":{"line":19,"column":28}},"14":{"start":{"line":22,"column":6},"end":{"line":22,"column":42}},"15":{"start":{"line":23,"column":6},"end":{"line":25,"column":7}},"16":{"start":{"line":24,"column":8},"end":{"line":24,"column":68}},"17":{"start":{"line":26,"column":6},"end":{"line":26,"column":22}}},"branchMap":{"1":{"line":17,"type":"if","locations":[{"start":{"line":17,"column":6},"end":{"line":17,"column":6}},{"start":{"line":17,"column":6},"end":{"line":17,"column":6}}]},"2":{"line":23,"type":"if","locations":[{"start":{"line":23,"column":6},"end":{"line":23,"column":6}},{"start":{"line":23,"column":6},"end":{"line":23,"column":6}}]}}}}